<?xml version="1.0" encoding="UTF-8"?>
<testsuite xmlns:xsi="http://www.w3.org/2001/XMLSchema-instance" xsi:noNamespaceSchemaLocation="https://maven.apache.org/surefire/maven-surefire-plugin/xsd/surefire-test-report-3.0.xsd" version="3.0" name="TestSuite" time="7.528" tests="4" errors="0" skipped="0" failures="1">
  <properties>
[...]
</properties>
  <testcase name="basePageNaviagation" classname="e2eProject.ValidateNavigationBar" time="0.075">
    <system-err><![CDATA[SLF4J: Failed to load class "org.slf4j.impl.StaticLoggerBinder".
SLF4J: Defaulting to no-operation (NOP) logger implementation
SLF4J: See http://www.slf4j.org/codes.html#StaticLoggerBinder for further details.
Starting ChromeDriver 104.0.5112S.t79ar t(i3cnfg3 eC8hrco8mae0SD7tradir1tvi0en4rg b 19C0h4er.1o02m.e650D1cr129i.1v790e er(3fc fb1380e84fc8.3a0087.3d512101842b5.97de91c2 (5630-ccfr931ee08ecf8fsab08/7fbd318r03a42bn895ced1ch25--6hr0eecfa9s1/d0besrfa/bn85cfh318-132h28e5@add{cs#5/5-11r31ef20s@7/{b}#r)1an 3co0h7n-} h)pe aodosrn/t 5p1 o15r2t0@ {75#6198342097}

)OO onnnl ylp oylr otlc oac5la 6c3onln3e c9ctioo
nnOsnn elaycr leto ciaaolln lcsoow neander.cet
 ioPanllse laaosrwee e asdlel.oew 
ehdP.tletaspes 
:sPle/e/eacs hehr ostmeteepd srh:it/vt/epcrsh.:rc/oh/mcrehodrrmoiimvueemdr.r.oicrvhger/ros.mecichuurmro.imotryig-/ucsmoe.ncosurirgi/dtseyre-acctuoirnoisntisyd -efcrooarnt sisioudngesgr eafstotirio onsnsus g fgooenrs  tksieuoegnpgsie nsogtn i Cokhnerseo pmioeDnn rgki evCeehprri onsmagef DeCr.hirv
oemre CDshrarifoveme.erD 
rsiaCvfheerr.o mw
eaDsrC ihsvrteoarmr teweDadrs i vsseutrac rcwteaessds  fssutulaclrcyte.esds
 fsuulclcye.ss
fully.
Aug 17, 2022 3:26:33 PM org.openqa.selenium.remote.ProtocolHandshake createSession
INFO: Detected upstream dialect: W3C
Aug 17, 2022 3:26:33 PM org.openqa.selenium.remote.ProtocolHandshake createSession
INFO: Detected upstream dialect: W3C
Aug 17, 2022 3:26:33 PM org.openqa.selenium.remote.ProtocolHandshake createSession
INFO: Detected upstream dialect: W3C
Aug 17, 2022 3:26:34 PM org.openqa.selenium.devtools.CdpVersionFinder findNearestMatch
INFO: Found exact CDP implementation for version 104
Aug 17, 2022 3:26:34 PM org.openqa.selenium.devtools.CdpVersionFinder findNearestMatch
INFO: Found exact CDP implementation for version 104
Aug 17, 2022 3:26:34 PM org.openqa.selenium.devtools.CdpVersionFinder findNearestMatch
INFO: Found exact CDP implementation for version 104
]]></system-err>
  </testcase>
  <testcase name="basePageNaviagation" classname="e2eProject.ValidateTitle" time="0.594">
    <failure message="expected [FEATURED COURSE] but found [FEATURED COURSES]" type="java.lang.AssertionError"><![CDATA[java.lang.AssertionError: expected [FEATURED COURSE] but found [FEATURED COURSES]
	at org.testng.Assert.fail(Assert.java:110)
	at org.testng.Assert.failNotEquals(Assert.java:1413)
	at org.testng.Assert.assertEqualsImpl(Assert.java:149)
	at org.testng.Assert.assertEquals(Assert.java:131)
	at org.testng.Assert.assertEquals(Assert.java:655)
	at org.testng.Assert.assertEquals(Assert.java:665)
	at e2eProject.ValidateTitle.basePageNaviagation(ValidateTitle.java:32)
	at java.base/jdk.internal.reflect.NativeMethodAccessorImpl.invoke0(Native Method)
	at java.base/jdk.internal.reflect.NativeMethodAccessorImpl.invoke(NativeMethodAccessorImpl.java:62)
	at java.base/jdk.internal.reflect.DelegatingMethodAccessorImpl.invoke(DelegatingMethodAccessorImpl.java:43)
	at java.base/java.lang.reflect.Method.invoke(Method.java:566)
	at org.testng.internal.invokers.MethodInvocationHelper.invokeMethod(MethodInvocationHelper.java:139)
	at org.testng.internal.invokers.TestInvoker.invokeMethod(TestInvoker.java:677)
	at org.testng.internal.invokers.TestInvoker.invokeTestMethod(TestInvoker.java:221)
	at org.testng.internal.invokers.MethodRunner.runInSequence(MethodRunner.java:50)
	at org.testng.internal.invokers.TestInvoker$MethodInvocationAgent.invoke(TestInvoker.java:962)
	at org.testng.internal.invokers.TestInvoker.invokeTestMethods(TestInvoker.java:194)
	at org.testng.internal.invokers.TestMethodWorker.invokeTestMethods(TestMethodWorker.java:148)
	at org.testng.internal.invokers.TestMethodWorker.run(TestMethodWorker.java:128)
	at java.base/java.util.ArrayList.forEach(ArrayList.java:1541)
	at org.testng.TestRunner.privateRun(TestRunner.java:806)
	at org.testng.TestRunner.run(TestRunner.java:601)
	at org.testng.SuiteRunner.runTest(SuiteRunner.java:433)
	at org.testng.SuiteRunner$SuiteWorker.run(SuiteRunner.java:471)
	at org.testng.internal.thread.ThreadUtil.lambda$execute$0(ThreadUtil.java:58)
	at java.base/java.util.concurrent.FutureTask.run(FutureTask.java:264)
	at java.base/java.util.concurrent.ThreadPoolExecutor.runWorker(ThreadPoolExecutor.java:1128)
	at java.base/java.util.concurrent.ThreadPoolExecutor$Worker.run(ThreadPoolExecutor.java:628)
	at java.base/java.lang.Thread.run(Thread.java:834)
]]></failure>
  </testcase>
  <testcase name="basePageNaviagation[nonrestricteduser@qw.com, 123456](1)" classname="e2eProject.Homepage" time="1.119"/>
  <testcase name="basePageNaviagation[restricteduser@qw.com, 456788](2)" classname="e2eProject.Homepage" time="1.491"/>
</testsuite>