<?xml version="1.0" encoding="UTF-8"?>
<!-- Generated by org.testng.reporters.JUnitXMLReporter -->
<testsuite ignored="4" hostname="DESKTOP-OIMUSPK" failures="0" tests="2" name="mobile and Tab" time="0.003" errors="0" timestamp="2022-08-03T17:11:05 IST">
  <testcase classname="testPack.DayFour" name="tabOne" time="0.0"/>
  <testcase classname="testPack.DayFour" name="tabTwo" time="0.0"/>
  <testcase classname="testPack.DayFour" name="mobileThree" time="0.0">
    <ignored/>
  </testcase> <!-- mobileThree -->
  <testcase classname="testPack.DayFour" name="mobileTwo" time="0.0">
    <ignored/>
  </testcase> <!-- mobileTwo -->
  <testcase classname="testPack.DayFour" name="mobileOne" time="0.0">
    <ignored/>
  </testcase> <!-- mobileOne -->
  <testcase classname="testPack.DayFour" name="mobileFour" time="0.0">
    <ignored/>
  </testcase> <!-- mobileFour -->
</testsuite> <!-- mobile and Tab -->
