<?xml version="1.0" encoding="UTF-8"?>
<!-- Generated by org.testng.reporters.JUnitXMLReporter -->
<testsuite ignored="11" hostname="DESKTOP-OIMUSPK" failures="0" tests="2" name="Test" time="0.031" errors="0" timestamp="2022-08-05T17:06:41 IST">
  <testcase classname="testPack.DayFour" name="mobileFour" time="0.005"/>
  <testcase classname="testPack.DayThree" name="homeLoan" time="0.001"/>
  <testcase classname="testPack.DayFour" name="tabTwo" time="0.0">
    <ignored/>
  </testcase> <!-- tabTwo -->
  <testcase classname="testPack.DayTwo" name="demo2" time="0.0">
    <ignored/>
  </testcase> <!-- demo2 -->
  <testcase classname="testPack.DayThree" name="carLoan" time="0.0">
    <ignored/>
  </testcase> <!-- carLoan -->
  <testcase classname="testPack.DayFour" name="mobileThree" time="0.0">
    <ignored/>
  </testcase> <!-- mobileThree -->
  <testcase classname="testPack.DayFour" name="mobileTwo" time="0.0">
    <ignored/>
  </testcase> <!-- mobileTwo -->
  <testcase classname="testPack.DayFour" name="mobileOne" time="0.0">
    <ignored/>
  </testcase> <!-- mobileOne -->
  <testcase classname="testPack.dayOne" name="demo" time="0.0">
    <ignored/>
  </testcase> <!-- demo -->
  <testcase classname="testPack.AllAnotationsExample" name="h" time="0.0">
    <ignored/>
  </testcase> <!-- h -->
  <testcase classname="testPack.dayOne" name="demoOne" time="0.0">
    <ignored/>
  </testcase> <!-- demoOne -->
  <testcase classname="testPack.DayFour" name="tabOne" time="0.0">
    <ignored/>
  </testcase> <!-- tabOne -->
  <testcase classname="testPack.AllAnotationsExample" name="d" time="0.0">
    <ignored/>
  </testcase> <!-- d -->
</testsuite> <!-- Test -->
