<?xml version="1.0" encoding="UTF-8"?>
<!-- Generated by org.testng.reporters.JUnitXMLReporter -->
<testsuite ignored="0" hostname="DESKTOP-OIMUSPK" failures="0" tests="4" name="Test" time="14.332" errors="0" timestamp="2022-08-17T10:58:12 IST">
  <testcase classname="e2eProject.ValidateNavigationBar" name="basePageNaviagation" time="0.041"/>
  <testcase classname="e2eProject.ValidateTitle" name="basePageNaviagation" time="2.557"/>
  <testcase classname="e2eProject.Homepage" name="basePageNaviagation" time="2.286"/>
  <testcase classname="e2eProject.Homepage" name="basePageNaviagation" time="1.413"/>
</testsuite> <!-- Test -->
