<?xml version="1.0" encoding="UTF-8"?>
<!-- Generated by org.testng.reporters.JUnitXMLReporter -->
<testsuite ignored="1" hostname="LAPTOP-DIVUF89F" failures="0" tests="1" name="Default test" time="31.952" errors="0" timestamp="2022-06-13T03:41:29 IST">
  <testcase classname="TestPages.ForgotUsernameTest" name="verifyEmail" time="10.37"/>
  <testcase classname="TestPages.ForgotUsernameTest" name="backToLogin" time="0.0">
    <ignored/>
  </testcase> <!-- backToLogin -->
</testsuite> <!-- Default test -->
