<?xml version="1.0" encoding="UTF-8"?>
<testng-results ignored="0" total="3" passed="3" failed="0" skipped="0">
  <reporter-output>
  </reporter-output>
  <suite started-at="2022-07-27T16:48:01 IST" name="Default suite" finished-at="2022-07-27T16:48:01 IST" duration-ms="48">
    <groups>
    </groups>
    <test started-at="2022-07-27T16:48:01 IST" name="Default test" finished-at="2022-07-27T16:48:01 IST" duration-ms="48">
      <class name="StreamDemo">
        <test-method signature="regular()[pri:0, instance:StreamDemo@6bd61f98]" started-at="2022-07-27T16:48:01 IST" name="regular" finished-at="2022-07-27T16:48:01 IST" duration-ms="6" status="PASS">
          <reporter-output>
          </reporter-output>
        </test-method> <!-- regular -->
        <test-method signature="streamExample()[pri:0, instance:StreamDemo@6bd61f98]" started-at="2022-07-27T16:48:01 IST" name="streamExample" finished-at="2022-07-27T16:48:01 IST" duration-ms="3" status="PASS">
          <reporter-output>
          </reporter-output>
        </test-method> <!-- streamExample -->
        <test-method signature="tearmMap()[pri:0, instance:StreamDemo@6bd61f98]" started-at="2022-07-27T16:48:01 IST" name="tearmMap" finished-at="2022-07-27T16:48:01 IST" duration-ms="2" status="PASS">
          <reporter-output>
          </reporter-output>
        </test-method> <!-- tearmMap -->
      </class> <!-- StreamDemo -->
    </test> <!-- Default test -->
  </suite> <!-- Default suite -->
</testng-results>
