<?xml version="1.0" encoding="UTF-8"?>
<testng-results ignored="1" total="2" passed="1" failed="0" skipped="0">
  <reporter-output>
  </reporter-output>
  <suite started-at="2022-08-09T16:32:15 IST" name="Default suite" finished-at="2022-08-09T16:32:15 IST" duration-ms="209">
    <groups>
    </groups>
    <test started-at="2022-08-09T16:32:15 IST" name="Default test" finished-at="2022-08-09T16:32:15 IST" duration-ms="209">
      <class name="testOneFolder.AppiumTest">
        <test-method is-config="true" signature="config()[pri:0, instance:testOneFolder.AppiumTest@6d60fe40]" started-at="2022-08-09T16:32:15 IST" name="config" finished-at="2022-08-09T16:32:15 IST" duration-ms="174" status="PASS">
          <reporter-output>
          </reporter-output>
        </test-method> <!-- config -->
        <test-method signature="Two()[pri:0, instance:testOneFolder.AppiumTest@6d60fe40]" started-at="2022-08-09T16:32:15 IST" name="Two" finished-at="2022-08-09T16:32:15 IST" duration-ms="4" status="PASS">
          <reporter-output>
          </reporter-output>
        </test-method> <!-- Two -->
      </class> <!-- testOneFolder.AppiumTest -->
    </test> <!-- Default test -->
  </suite> <!-- Default suite -->
</testng-results>
