<?xml version="1.0" encoding="UTF-8"?>
<testng-results ignored="0" total="2" passed="2" failed="0" skipped="0">
  <reporter-output>
  </reporter-output>
  <suite started-at="2022-08-17T15:04:39 IST" name="Default suite" finished-at="2022-08-17T15:04:44 IST" duration-ms="4991">
    <groups>
    </groups>
    <test started-at="2022-08-17T15:04:39 IST" name="Default test" finished-at="2022-08-17T15:04:44 IST" duration-ms="4991">
      <class name="e2eProject.Homepage">
        <test-method is-config="true" signature="initialize()[pri:0, instance:e2eProject.Homepage@f79a760]" started-at="2022-08-17T15:04:39 IST" name="initialize" finished-at="2022-08-17T15:04:41 IST" duration-ms="1496" status="PASS">
          <reporter-output>
          </reporter-output>
        </test-method> <!-- initialize -->
        <test-method signature="basePageNaviagation(java.lang.String,java.lang.String)[pri:0, instance:e2eProject.Homepage@f79a760]" started-at="2022-08-17T15:04:41 IST" name="basePageNaviagation" data-provider="getData" finished-at="2022-08-17T15:04:43 IST" duration-ms="2087" status="PASS">
          <params>
            <param index="0">
              <value>
                <![CDATA[nonrestricteduser@qw.com]]>
              </value>
            </param>
            <param index="1">
              <value>
                <![CDATA[123456]]>
              </value>
            </param>
          </params>
          <reporter-output>
          </reporter-output>
        </test-method> <!-- basePageNaviagation -->
        <test-method signature="basePageNaviagation(java.lang.String,java.lang.String)[pri:0, instance:e2eProject.Homepage@f79a760]" started-at="2022-08-17T15:04:43 IST" name="basePageNaviagation" data-provider="getData" finished-at="2022-08-17T15:04:44 IST" duration-ms="1335" status="PASS">
          <params>
            <param index="0">
              <value>
                <![CDATA[restricteduser@qw.com]]>
              </value>
            </param>
            <param index="1">
              <value>
                <![CDATA[456788]]>
              </value>
            </param>
          </params>
          <reporter-output>
          </reporter-output>
        </test-method> <!-- basePageNaviagation -->
        <test-method is-config="true" signature="tearDown()[pri:0, instance:e2eProject.Homepage@f79a760]" started-at="2022-08-17T15:04:44 IST" name="tearDown" finished-at="2022-08-17T15:04:44 IST" duration-ms="44" status="PASS">
          <reporter-output>
          </reporter-output>
        </test-method> <!-- tearDown -->
      </class> <!-- e2eProject.Homepage -->
    </test> <!-- Default test -->
  </suite> <!-- Default suite -->
</testng-results>
