<?xml version="1.0" encoding="UTF-8"?>
<testng-results ignored="0" total="1" passed="1" failed="0" skipped="0">
  <reporter-output>
  </reporter-output>
  <suite started-at="2022-06-18T12:25:51 IST" name="Default suite" finished-at="2022-06-18T12:26:18 IST" duration-ms="26832">
    <groups>
    </groups>
    <test started-at="2022-06-18T12:25:51 IST" name="Default test" finished-at="2022-06-18T12:26:18 IST" duration-ms="26832">
      <class name="salesperson.CompanyInfo">
        <test-method is-config="true" signature="setUP()[pri:0, instance:salesperson.CompanyInfo@2d710f1a]" started-at="2022-06-18T12:25:51 IST" name="setUP" finished-at="2022-06-18T12:25:53 IST" duration-ms="1739" status="PASS">
          <reporter-output>
          </reporter-output>
        </test-method> <!-- setUP -->
        <test-method is-config="true" signature="openURL()[pri:0, instance:salesperson.CompanyInfo@2d710f1a]" started-at="2022-06-18T12:25:53 IST" name="openURL" finished-at="2022-06-18T12:26:05 IST" duration-ms="12156" status="PASS">
          <reporter-output>
          </reporter-output>
        </test-method> <!-- openURL -->
        <test-method signature="Suc()[pri:0, instance:salesperson.CompanyInfo@2d710f1a]" started-at="2022-06-18T12:26:05 IST" name="Suc" finished-at="2022-06-18T12:26:14 IST" duration-ms="8743" status="PASS">
          <reporter-output>
          </reporter-output>
        </test-method> <!-- Suc -->
        <test-method is-config="true" signature="tearsDown()[pri:0, instance:salesperson.CompanyInfo@2d710f1a]" started-at="2022-06-18T12:26:14 IST" name="tearsDown" finished-at="2022-06-18T12:26:18 IST" duration-ms="4171" status="PASS">
          <reporter-output>
          </reporter-output>
        </test-method> <!-- tearsDown -->
      </class> <!-- salesperson.CompanyInfo -->
    </test> <!-- Default test -->
  </suite> <!-- Default suite -->
</testng-results>
