<?xml version="1.0" encoding="UTF-8"?>
<!-- Generated by org.testng.reporters.JUnitXMLReporter -->
<testsuite ignored="0" hostname="DESKTOP-OIMUSPK" failures="0" tests="5" name="Surefire test" time="0.038" errors="0" timestamp="2022-08-09T14:43:12 IST">
  <testcase classname="testOneFolder.AppiumTest" name="One" time="0.004"/>
  <testcase classname="testOneFolder.RestApiTest" name="One" time="0.001"/>
  <testcase classname="testOneFolder.RestApiTest" name="Three" time="0.0"/>
  <testcase classname="testOneFolder.SeleniumTest" name="Five" time="0.0"/>
  <testcase classname="testOneFolder.SeleniumTest" name="Four" time="0.001"/>
</testsuite> <!-- Surefire test -->
